<?xml version="1.0" encoding="UTF-8"?>
<testsuite xmlns:xsi="http://www.w3.org/2001/XMLSchema-instance" xsi:noNamespaceSchemaLocation="https://maven.apache.org/surefire/maven-surefire-plugin/xsd/surefire-test-report.xsd" name="MyTest" time="0.115" tests="29" errors="0" skipped="0" failures="0">
  <properties>
    <property name="sun.desktop" value="windows"/>
    <property name="awt.toolkit" value="sun.awt.windows.WToolkit"/>
    <property name="java.specification.version" value="11"/>
    <property name="sun.cpu.isalist" value="amd64"/>
    <property name="sun.jnu.encoding" value="Cp1252"/>
    <property name="java.class.path" value="C:\Users\mmihay3\Documents\GitHub\CS342-Project3\server\target\test-classes;C:\Users\mmihay3\Documents\GitHub\CS342-Project3\server\target\classes;C:\Users\mmihay3\.m2\repository\org\junit\jupiter\junit-jupiter\5.6.2\junit-jupiter-5.6.2.jar;C:\Users\mmihay3\.m2\repository\org\junit\jupiter\junit-jupiter-api\5.6.2\junit-jupiter-api-5.6.2.jar;C:\Users\mmihay3\.m2\repository\org\apiguardian\apiguardian-api\1.1.0\apiguardian-api-1.1.0.jar;C:\Users\mmihay3\.m2\repository\org\opentest4j\opentest4j\1.2.0\opentest4j-1.2.0.jar;C:\Users\mmihay3\.m2\repository\org\junit\platform\junit-platform-commons\1.6.2\junit-platform-commons-1.6.2.jar;C:\Users\mmihay3\.m2\repository\org\junit\jupiter\junit-jupiter-params\5.6.2\junit-jupiter-params-5.6.2.jar;C:\Users\mmihay3\.m2\repository\org\junit\jupiter\junit-jupiter-engine\5.6.2\junit-jupiter-engine-5.6.2.jar;C:\Users\mmihay3\.m2\repository\org\junit\platform\junit-platform-engine\1.6.2\junit-platform-engine-1.6.2.jar;C:\Users\mmihay3\.m2\repository\org\openjfx\javafx-controls\12.0.1\javafx-controls-12.0.1.jar;C:\Users\mmihay3\.m2\repository\org\openjfx\javafx-controls\12.0.1\javafx-controls-12.0.1-win.jar;C:\Users\mmihay3\.m2\repository\org\openjfx\javafx-graphics\12.0.1\javafx-graphics-12.0.1.jar;C:\Users\mmihay3\.m2\repository\org\openjfx\javafx-graphics\12.0.1\javafx-graphics-12.0.1-win.jar;C:\Users\mmihay3\.m2\repository\org\openjfx\javafx-base\12.0.1\javafx-base-12.0.1.jar;C:\Users\mmihay3\.m2\repository\org\openjfx\javafx-base\12.0.1\javafx-base-12.0.1-win.jar;C:\Users\mmihay3\.m2\repository\org\openjfx\javafx-fxml\12\javafx-fxml-12.jar;C:\Users\mmihay3\.m2\repository\org\openjfx\javafx-fxml\12\javafx-fxml-12-win.jar;"/>
    <property name="java.vm.vendor" value="Oracle Corporation"/>
    <property name="sun.arch.data.model" value="64"/>
    <property name="user.variant" value=""/>
    <property name="java.vendor.url" value="https://openjdk.java.net/"/>
    <property name="user.timezone" value="America/Regina"/>
    <property name="java.vm.specification.version" value="11"/>
    <property name="os.name" value="Windows 10"/>
    <property name="sun.java.launcher" value="SUN_STANDARD"/>
    <property name="user.country" value="US"/>
    <property name="sun.boot.library.path" value="C:\Program Files\Java\jdk-11.0.11\bin"/>
    <property name="sun.java.command" value="C:\Users\mmihay3\AppData\Local\Temp\surefire14178449940039645743\surefirebooter15517117482235653213.jar C:\Users\mmihay3\AppData\Local\Temp\surefire14178449940039645743 2021-11-21T21-18-58_429-jvmRun1 surefire12455352756609282132tmp surefire_03359377928197320015tmp"/>
    <property name="jdk.debug" value="release"/>
    <property name="surefire.test.class.path" value="C:\Users\mmihay3\Documents\GitHub\CS342-Project3\server\target\test-classes;C:\Users\mmihay3\Documents\GitHub\CS342-Project3\server\target\classes;C:\Users\mmihay3\.m2\repository\org\junit\jupiter\junit-jupiter\5.6.2\junit-jupiter-5.6.2.jar;C:\Users\mmihay3\.m2\repository\org\junit\jupiter\junit-jupiter-api\5.6.2\junit-jupiter-api-5.6.2.jar;C:\Users\mmihay3\.m2\repository\org\apiguardian\apiguardian-api\1.1.0\apiguardian-api-1.1.0.jar;C:\Users\mmihay3\.m2\repository\org\opentest4j\opentest4j\1.2.0\opentest4j-1.2.0.jar;C:\Users\mmihay3\.m2\repository\org\junit\platform\junit-platform-commons\1.6.2\junit-platform-commons-1.6.2.jar;C:\Users\mmihay3\.m2\repository\org\junit\jupiter\junit-jupiter-params\5.6.2\junit-jupiter-params-5.6.2.jar;C:\Users\mmihay3\.m2\repository\org\junit\jupiter\junit-jupiter-engine\5.6.2\junit-jupiter-engine-5.6.2.jar;C:\Users\mmihay3\.m2\repository\org\junit\platform\junit-platform-engine\1.6.2\junit-platform-engine-1.6.2.jar;C:\Users\mmihay3\.m2\repository\org\openjfx\javafx-controls\12.0.1\javafx-controls-12.0.1.jar;C:\Users\mmihay3\.m2\repository\org\openjfx\javafx-controls\12.0.1\javafx-controls-12.0.1-win.jar;C:\Users\mmihay3\.m2\repository\org\openjfx\javafx-graphics\12.0.1\javafx-graphics-12.0.1.jar;C:\Users\mmihay3\.m2\repository\org\openjfx\javafx-graphics\12.0.1\javafx-graphics-12.0.1-win.jar;C:\Users\mmihay3\.m2\repository\org\openjfx\javafx-base\12.0.1\javafx-base-12.0.1.jar;C:\Users\mmihay3\.m2\repository\org\openjfx\javafx-base\12.0.1\javafx-base-12.0.1-win.jar;C:\Users\mmihay3\.m2\repository\org\openjfx\javafx-fxml\12\javafx-fxml-12.jar;C:\Users\mmihay3\.m2\repository\org\openjfx\javafx-fxml\12\javafx-fxml-12-win.jar;"/>
    <property name="sun.cpu.endian" value="little"/>
    <property name="user.home" value="C:\Users\mmihay3"/>
    <property name="user.language" value="en"/>
    <property name="java.specification.vendor" value="Oracle Corporation"/>
    <property name="java.version.date" value="2021-04-20"/>
    <property name="java.home" value="C:\Program Files\Java\jdk-11.0.11"/>
    <property name="file.separator" value="\"/>
    <property name="basedir" value="C:\Users\mmihay3\Documents\GitHub\CS342-Project3\server"/>
    <property name="java.vm.compressedOopsMode" value="32-bit"/>
    <property name="line.separator" value="&#10;"/>
    <property name="java.specification.name" value="Java Platform API Specification"/>
    <property name="java.vm.specification.vendor" value="Oracle Corporation"/>
    <property name="java.awt.graphicsenv" value="sun.awt.Win32GraphicsEnvironment"/>
    <property name="surefire.real.class.path" value="C:\Users\mmihay3\AppData\Local\Temp\surefire14178449940039645743\surefirebooter15517117482235653213.jar"/>
    <property name="user.script" value=""/>
    <property name="sun.management.compiler" value="HotSpot 64-Bit Tiered Compilers"/>
    <property name="java.runtime.version" value="11.0.11+9-LTS-194"/>
    <property name="user.name" value="mmihay3"/>
    <property name="path.separator" value=";"/>
    <property name="os.version" value="10.0"/>
    <property name="java.runtime.name" value="Java(TM) SE Runtime Environment"/>
    <property name="file.encoding" value="Cp1252"/>
    <property name="java.vm.name" value="Java HotSpot(TM) 64-Bit Server VM"/>
    <property name="java.vendor.version" value="18.9"/>
    <property name="localRepository" value="C:\Users\mmihay3\.m2\repository"/>
    <property name="java.vendor.url.bug" value="https://bugreport.java.com/bugreport/"/>
    <property name="java.io.tmpdir" value="C:\Users\mmihay3\AppData\Local\Temp\"/>
    <property name="idea.version" value="2021.2.1"/>
    <property name="java.version" value="11.0.11"/>
    <property name="user.dir" value="C:\Users\mmihay3\Documents\GitHub\CS342-Project3\server"/>
    <property name="os.arch" value="amd64"/>
    <property name="java.vm.specification.name" value="Java Virtual Machine Specification"/>
    <property name="java.awt.printerjob" value="sun.awt.windows.WPrinterJob"/>
    <property name="sun.os.patch.level" value=""/>
    <property name="java.library.path" value="C:\Program Files\Java\jdk-11.0.11\bin;C:\windows\Sun\Java\bin;C:\windows\system32;C:\windows;C:\Program Files\Common Files\Oracle\Java\javapath;C:\windows\system32;C:\windows;C:\windows\System32\Wbem;C:\windows\System32\WindowsPowerShell\v1.0\;C:\windows\System32\OpenSSH\;C:\Program Files\Git\cmd;C:\Program Files\PuTTY\;C:\Program Files\Java\jdk-11.0.11;;C:\Program Files\Docker\Docker\resources\bin;C:\ProgramData\DockerDesktop\version-bin;C:\Users\mmihay3\AppData\Local\Microsoft\WindowsApps;C:\Users\mmihay3\AppData\Local\Programs\Microsoft VS Code\bin;C:\Users\mmihay3\AppData\Local\GitHubDesktop\bin;C:\Users\mmihay3\Downloads\apache-maven-3.8.3\bin;;."/>
    <property name="java.vendor" value="Oracle Corporation"/>
    <property name="java.vm.info" value="mixed mode"/>
    <property name="java.vm.version" value="11.0.11+9-LTS-194"/>
    <property name="sun.io.unicode.encoding" value="UnicodeLittle"/>
    <property name="java.class.version" value="55.0"/>
  </properties>
  <testcase name="BaccaratDealerDeckSize" classname="MyTest" time="0.032"/>
  <testcase name="BaccaratGameLogicHandTotalTest2" classname="MyTest" time="0"/>
  <testcase name="BaccaratGameLogicEvaluateBankerDrawTest" classname="MyTest" time="0.005"/>
  <testcase name="BaccaratGameLogicEvaluatePlayerDraw" classname="MyTest" time="0.002"/>
  <testcase name="BaccaratGameEvaluateWinningsLoss" classname="MyTest" time="0.005"/>
  <testcase name="BaccaratGameLogicHandTotalTest" classname="MyTest" time="0.001"/>
  <testcase name="BaccaratGameLogicEvaluateBankerDrawNullTest" classname="MyTest" time="0.001"/>
  <testcase name="BaccaratDealerGenerateDeckTest" classname="MyTest" time="0.001"/>
  <testcase name="playGameNaturalWinTest" classname="MyTest" time="0.002"/>
  <testcase name="BaccaratInfoConstrucorTest" classname="MyTest" time="0.001"/>
  <testcase name="BaccaratGameConstructorTest" classname="MyTest" time="0.001"/>
  <testcase name="BaccaratGameEvaluateWinningsTie" classname="MyTest" time="0.001"/>
  <testcase name="BaccaratDealerShuffleDeckTest" classname="MyTest" time="0.001"/>
  <testcase name="BaccaratGameLogicWhoWonTest" classname="MyTest" time="0.001"/>
  <testcase name="playGameNaturalWinTest2" classname="MyTest" time="0"/>
  <testcase name="playGameNaturalWinTest3" classname="MyTest" time="0.001"/>
  <testcase name="playGameNaturalWinTest4" classname="MyTest" time="0.001"/>
  <testcase name="playGameNaturalWinTest5" classname="MyTest" time="0"/>
  <testcase name="playGameThirdDrawTest2" classname="MyTest" time="0.002"/>
  <testcase name="playGameThirdDrawTest3" classname="MyTest" time="0.001"/>
  <testcase name="playGameThirdDrawTest4" classname="MyTest" time="0"/>
  <testcase name="playGameThirdDrawTest5" classname="MyTest" time="0"/>
  <testcase name="playGameThirdDrawTest6" classname="MyTest" time="0.001"/>
  <testcase name="playGameThirdDrawTest7" classname="MyTest" time="0.001"/>
  <testcase name="playGameThirdDrawTest8" classname="MyTest" time="0.001"/>
  <testcase name="playGameThirdDrawTest9" classname="MyTest" time="0.001"/>
  <testcase name="BaccaratInfoConstrucorTest2" classname="MyTest" time="0.001"/>
  <testcase name="playGameThirdDrawTest" classname="MyTest" time="0.001"/>
  <testcase name="playGameThirdDrawTest10" classname="MyTest" time="0.001"/>
</testsuite>